Base path: 'C:/Program Files/Unity/Hub/Editor/2019.3.1f1/Editor/Data', plugins path 'C:/Program Files/Unity/Hub/Editor/2019.3.1f1/Editor/Data/PlaybackEngines'
Cmd: initializeCompiler
Cmd: preprocessCompute
  insize=6892 outsize=6894 ok=1
Cmd: preprocessCompute
  insize=7477 outsize=7479 ok=1
Cmd: preprocess
  insize=41507 outsize=628 ok=1
Cmd: preprocessCompute
  insize=1966 outsize=1968 ok=1
Cmd: compileSnippet
  api=4 type=0 insize=20358 outsize=4578 kw=UNITY_PASS_SHADOWCASTER pd=UNITY_ENABLE_REFLECTION_BUFFERS UNITY_USE_DITHER_MASK_FOR_ALPHABLENDED_SHADOWS UNITY_PBS_USE_BRDF1 UNITY_SPECCUBE_BOX_PROJECTION UNITY_SPECCUBE_BLENDING UNITY_ENABLE_DETAIL_NORMALMAP SHADER_API_DESKTOP UNITY_COLORSPACE_GAMMA UNITY_LIGHT_PROBE_PROXY_VOLUME UNITY_LIGHTMAP_FULL_HDR ok=1
Cmd: compileSnippet
  api=4 type=1 insize=20358 outsize=454 kw=UNITY_PASS_SHADOWCASTER pd=UNITY_ENABLE_REFLECTION_BUFFERS UNITY_USE_DITHER_MASK_FOR_ALPHABLENDED_SHADOWS UNITY_PBS_USE_BRDF1 UNITY_SPECCUBE_BOX_PROJECTION UNITY_SPECCUBE_BLENDING UNITY_ENABLE_DETAIL_NORMALMAP SHADER_API_DESKTOP UNITY_COLORSPACE_GAMMA UNITY_LIGHT_PROBE_PROXY_VOLUME UNITY_LIGHTMAP_FULL_HDR ok=1
Cmd: preprocessCompute
  insize=6892 outsize=6894 ok=1
Cmd: preprocessCompute
  insize=7477 outsize=7479 ok=1
Cmd: preprocess
  insize=41507 outsize=628 ok=1
Cmd: preprocessCompute
  insize=1966 outsize=1968 ok=1
Cmd: preprocessCompute
  insize=6872 outsize=6874 ok=1
Cmd: preprocessCompute
  insize=7507 outsize=7509 ok=1
Cmd: preprocess
  insize=41046 outsize=629 ok=1
Cmd: preprocessCompute
  insize=1966 outsize=1968 ok=1
Cmd: preprocessCompute
  insize=6872 outsize=6874 ok=1
Cmd: preprocessCompute
  insize=7507 outsize=7509 ok=1
Cmd: preprocess
  insize=41046 outsize=629 ok=1
Cmd: preprocessCompute
  insize=1966 outsize=1968 ok=1
Cmd: preprocessCompute
  insize=6872 outsize=6874 ok=1
Cmd: preprocessCompute
  insize=7507 outsize=7509 ok=1
Cmd: preprocess
  insize=41046 outsize=629 ok=1
Cmd: preprocessCompute
  insize=1966 outsize=1968 ok=1
Cmd: preprocessCompute
  insize=6872 outsize=6874 ok=1
Cmd: preprocessCompute
  insize=7507 outsize=7509 ok=1
Cmd: preprocess
  insize=41046 outsize=629 ok=1
Cmd: preprocessCompute
  insize=1966 outsize=1968 ok=1
Cmd: preprocessCompute
  insize=6872 outsize=6874 ok=1
Cmd: preprocessCompute
  insize=7507 outsize=7509 ok=1
Cmd: preprocess
  insize=41046 outsize=629 ok=1
Cmd: preprocessCompute
  insize=1966 outsize=1968 ok=1
Cmd: preprocessCompute
  insize=6872 outsize=6874 ok=1
Cmd: preprocessCompute
  insize=7507 outsize=7509 ok=1
Cmd: preprocess
  insize=41046 outsize=629 ok=1
Cmd: preprocessCompute
  insize=1966 outsize=1968 ok=1
Cmd: preprocessCompute
  insize=6872 outsize=6874 ok=1
Cmd: preprocessCompute
  insize=7507 outsize=7509 ok=1
Cmd: preprocess
  insize=41046 outsize=629 ok=1
Cmd: preprocessCompute
  insize=1966 outsize=1968 ok=1
Cmd: preprocessCompute
  insize=6872 outsize=6874 ok=1
Cmd: preprocessCompute
  insize=7507 outsize=7509 ok=1
Cmd: preprocess
  insize=41046 outsize=629 ok=1
Cmd: preprocessCompute
  insize=1966 outsize=1968 ok=1
Cmd: preprocessCompute
  insize=6872 outsize=6874 ok=1
Cmd: preprocessCompute
  insize=7507 outsize=7509 ok=1
Cmd: preprocess
  insize=41046 outsize=629 ok=1
Cmd: preprocessCompute
  insize=1966 outsize=1968 ok=1
Cmd: preprocessCompute
  insize=6872 outsize=6874 ok=1
Cmd: preprocessCompute
  insize=7507 outsize=7509 ok=1
Cmd: preprocess
  insize=41046 outsize=629 ok=1
Cmd: preprocessCompute
  insize=1966 outsize=1968 ok=1
Cmd: preprocessCompute
  insize=6872 outsize=6874 ok=1
Cmd: preprocessCompute
  insize=7507 outsize=7509 ok=1
Cmd: preprocess
  insize=41046 outsize=629 ok=1
Cmd: preprocessCompute
  insize=1966 outsize=1968 ok=1
Cmd: preprocessCompute
  insize=6872 outsize=6874 ok=1
Cmd: preprocessCompute
  insize=7507 outsize=7509 ok=1
Cmd: preprocess
  insize=41046 outsize=629 ok=1
Cmd: preprocessCompute
  insize=1966 outsize=1968 ok=1
Cmd: preprocessCompute
  insize=6872 outsize=6874 ok=1
Cmd: preprocessCompute
  insize=7507 outsize=7509 ok=1
Cmd: preprocess
  insize=41046 outsize=629 ok=1
Cmd: preprocessCompute
  insize=1966 outsize=1968 ok=1
Cmd: preprocessCompute
  insize=6872 outsize=6874 ok=1
Cmd: preprocessCompute
  insize=7507 outsize=7509 ok=1
Cmd: preprocess
  insize=41046 outsize=629 ok=1
Cmd: preprocessCompute
  insize=1966 outsize=1968 ok=1
Cmd: preprocessCompute
  insize=6872 outsize=6874 ok=1
Cmd: preprocessCompute
  insize=7507 outsize=7509 ok=1
Cmd: preprocess
  insize=41046 outsize=629 ok=1
Cmd: preprocessCompute
  insize=1966 outsize=1968 ok=1
Cmd: preprocessCompute
  insize=6872 outsize=6874 ok=1
Cmd: preprocessCompute
  insize=7507 outsize=7509 ok=1
Cmd: preprocess
  insize=41046 outsize=629 ok=1
Cmd: preprocessCompute
  insize=1966 outsize=1968 ok=1
Cmd: initializeCompiler
Cmd: preprocessCompute
  insize=6872 outsize=6874 ok=1
Cmd: preprocessCompute
  insize=7507 outsize=7509 ok=1
Cmd: preprocess
  insize=41046 outsize=629 ok=1
Cmd: preprocessCompute
  insize=1966 outsize=1968 ok=1
Cmd: preprocessCompute
  insize=6872 outsize=6874 ok=1
Cmd: preprocessCompute
  insize=7507 outsize=7509 ok=1
Cmd: preprocess
  insize=41046 outsize=629 ok=1
Cmd: preprocessCompute
  insize=1966 outsize=1968 ok=1
Cmd: compileSnippet
  api=4 type=0 insize=2355 outsize=790 kw= pd=UNITY_ENABLE_REFLECTION_BUFFERS UNITY_USE_DITHER_MASK_FOR_ALPHABLENDED_SHADOWS UNITY_PBS_USE_BRDF1 UNITY_SPECCUBE_BOX_PROJECTION UNITY_SPECCUBE_BLENDING UNITY_ENABLE_DETAIL_NORMALMAP SHADER_API_DESKTOP UNITY_COLORSPACE_GAMMA UNITY_LIGHT_PROBE_PROXY_VOLUME UNITY_LIGHTMAP_FULL_HDR ok=1
Cmd: compileSnippet
  api=4 type=1 insize=2355 outsize=402 kw= pd=UNITY_ENABLE_REFLECTION_BUFFERS UNITY_USE_DITHER_MASK_FOR_ALPHABLENDED_SHADOWS UNITY_PBS_USE_BRDF1 UNITY_SPECCUBE_BOX_PROJECTION UNITY_SPECCUBE_BLENDING UNITY_ENABLE_DETAIL_NORMALMAP SHADER_API_DESKTOP UNITY_COLORSPACE_GAMMA UNITY_LIGHT_PROBE_PROXY_VOLUME UNITY_LIGHTMAP_FULL_HDR ok=1
Cmd: compileSnippet
  api=4 type=0 insize=731 outsize=858 kw= pd=UNITY_ENABLE_REFLECTION_BUFFERS UNITY_USE_DITHER_MASK_FOR_ALPHABLENDED_SHADOWS UNITY_PBS_USE_BRDF1 UNITY_SPECCUBE_BOX_PROJECTION UNITY_SPECCUBE_BLENDING UNITY_ENABLE_DETAIL_NORMALMAP SHADER_API_DESKTOP UNITY_COLORSPACE_GAMMA UNITY_LIGHT_PROBE_PROXY_VOLUME UNITY_LIGHTMAP_FULL_HDR ok=1
Cmd: compileSnippet
  api=4 type=1 insize=731 outsize=422 kw= pd=UNITY_ENABLE_REFLECTION_BUFFERS UNITY_USE_DITHER_MASK_FOR_ALPHABLENDED_SHADOWS UNITY_PBS_USE_BRDF1 UNITY_SPECCUBE_BOX_PROJECTION UNITY_SPECCUBE_BLENDING UNITY_ENABLE_DETAIL_NORMALMAP SHADER_API_DESKTOP UNITY_COLORSPACE_GAMMA UNITY_LIGHT_PROBE_PROXY_VOLUME UNITY_LIGHTMAP_FULL_HDR ok=1
Cmd: preprocessCompute
  insize=6872 outsize=6874 ok=1
Cmd: preprocessCompute
  insize=7507 outsize=7509 ok=1
Cmd: preprocess
  insize=41046 outsize=629 ok=1
Cmd: preprocessCompute
  insize=1966 outsize=1968 ok=1
Cmd: preprocessCompute
  insize=6872 outsize=6874 ok=1
Cmd: preprocessCompute
  insize=7507 outsize=7509 ok=1
Cmd: preprocess
  insize=41046 outsize=629 ok=1
Cmd: preprocessCompute
  insize=1966 outsize=1968 ok=1
Cmd: preprocessCompute
  insize=6892 outsize=6894 ok=1
Cmd: preprocessCompute
  insize=7477 outsize=7479 ok=1
Cmd: preprocess
  insize=41507 outsize=628 ok=1
Cmd: preprocessCompute
  insize=1966 outsize=1968 ok=1
Cmd: preprocessCompute
  insize=6872 outsize=6874 ok=1
Cmd: preprocessCompute
  insize=7507 outsize=7509 ok=1
Cmd: preprocess
  insize=41046 outsize=629 ok=1
Cmd: preprocessCompute
  insize=1966 outsize=1968 ok=1
Cmd: preprocessCompute
  insize=6872 outsize=6874 ok=1
Cmd: preprocessCompute
  insize=7507 outsize=7509 ok=1
Cmd: preprocess
  insize=41046 outsize=629 ok=1
Cmd: preprocessCompute
  insize=1966 outsize=1968 ok=1
Cmd: preprocessCompute
  insize=6872 outsize=6874 ok=1
Cmd: preprocessCompute
  insize=7507 outsize=7509 ok=1
Cmd: preprocess
  insize=41046 outsize=629 ok=1
Cmd: preprocessCompute
  insize=1966 outsize=1968 ok=1
Cmd: preprocessCompute
  insize=6872 outsize=6874 ok=1
Cmd: preprocessCompute
  insize=7507 outsize=7509 ok=1
Cmd: preprocess
  insize=41046 outsize=629 ok=1
Cmd: preprocessCompute
  insize=1966 outsize=1968 ok=1
Cmd: preprocessCompute
  insize=6892 outsize=6894 ok=1
Cmd: preprocessCompute
  insize=7477 outsize=7479 ok=1
Cmd: preprocess
  insize=41507 outsize=628 ok=1
Cmd: preprocessCompute
  insize=1966 outsize=1968 ok=1
Cmd: preprocessCompute
  insize=6872 outsize=6874 ok=1
Cmd: preprocessCompute
  insize=7507 outsize=7509 ok=1
Cmd: preprocess
  insize=41046 outsize=629 ok=1
Cmd: preprocessCompute
  insize=1966 outsize=1968 ok=1
Cmd: preprocessCompute
  insize=6872 outsize=6874 ok=1
Cmd: preprocessCompute
  insize=7507 outsize=7509 ok=1
Cmd: preprocess
  insize=41046 outsize=629 ok=1
Cmd: preprocessCompute
  insize=1966 outsize=1968 ok=1
Cmd: preprocessCompute
  insize=6872 outsize=6874 ok=1
Cmd: preprocessCompute
  insize=7507 outsize=7509 ok=1
Cmd: preprocess
  insize=41046 outsize=629 ok=1
Cmd: preprocessCompute
  insize=1966 outsize=1968 ok=1
Cmd: preprocessCompute
  insize=6872 outsize=6874 ok=1
Cmd: preprocessCompute
  insize=7507 outsize=7509 ok=1
Cmd: preprocess
  insize=41046 outsize=629 ok=1
Cmd: preprocessCompute
  insize=1966 outsize=1968 ok=1
Cmd: preprocessCompute
  insize=6872 outsize=6874 ok=1
Cmd: preprocessCompute
  insize=7507 outsize=7509 ok=1
Cmd: preprocess
  insize=41046 outsize=629 ok=1
Cmd: preprocessCompute
  insize=1966 outsize=1968 ok=1
Cmd: preprocessCompute
  insize=6872 outsize=6874 ok=1
Cmd: preprocessCompute
  insize=7507 outsize=7509 ok=1
Cmd: preprocess
  insize=41046 outsize=629 ok=1
Cmd: preprocessCompute
  insize=1966 outsize=1968 ok=1
Cmd: preprocessCompute
  insize=6872 outsize=6874 ok=1
Cmd: preprocessCompute
  insize=7507 outsize=7509 ok=1
Cmd: preprocess
  insize=41046 outsize=629 ok=1
Cmd: preprocessCompute
  insize=1966 outsize=1968 ok=1
Cmd: preprocessCompute
  insize=6872 outsize=6874 ok=1
Cmd: preprocessCompute
  insize=7507 outsize=7509 ok=1
Cmd: preprocess
  insize=41046 outsize=629 ok=1
Cmd: preprocessCompute
  insize=1966 outsize=1968 ok=1
Cmd: preprocessCompute
  insize=6872 outsize=6874 ok=1
Cmd: preprocessCompute
  insize=7507 outsize=7509 ok=1
Cmd: preprocess
  insize=41046 outsize=629 ok=1
Cmd: preprocessCompute
  insize=1966 outsize=1968 ok=1
Cmd: preprocessCompute
  insize=6872 outsize=6874 ok=1
Cmd: preprocessCompute
  insize=7507 outsize=7509 ok=1
Cmd: preprocess
  insize=41046 outsize=629 ok=1
Cmd: preprocessCompute
  insize=1966 outsize=1968 ok=1
Cmd: preprocessCompute
  insize=6872 outsize=6874 ok=1
Cmd: preprocessCompute
  insize=7507 outsize=7509 ok=1
Cmd: preprocess
  insize=41046 outsize=629 ok=1
Cmd: preprocessCompute
  insize=1966 outsize=1968 ok=1
