Using pre-set license
Built from '2021.3/staging' branch; Version is '2021.3.13f1 (9e7d58001ecf) revision 10386776'; Using compiler version '192829333'; Build Type 'Release'
OS: 'Windows 11  (10.0.22621) 64bit Core' Language: 'en' Physical Memory: 16085 MB
BatchMode: 1, IsHumanControllingUs: 0, StartBugReporterOnCrash: 0, Is64bit: 1, IsPro: 1

COMMAND LINE ARGUMENTS:
C:\Program Files\Unity\Hub\Editor\2021.3.13f1\Editor\Unity.exe
-adb2
-batchMode
-noUpm
-name
AssetImportWorker10
-projectPath
C:/Users/mayst/Documents/GitHub/AI-Tanks
-logFile
Logs/AssetImportWorker10.log
-srvPort
58942
Successfully changed project path to: C:/Users/mayst/Documents/GitHub/AI-Tanks
C:/Users/mayst/Documents/GitHub/AI-Tanks
[UnityMemory] Configuration Parameters - Can be set up in boot.config
    "memorysetup-bucket-allocator-granularity=16"
    "memorysetup-bucket-allocator-bucket-count=8"
    "memorysetup-bucket-allocator-block-size=33554432"
    "memorysetup-bucket-allocator-block-count=8"
    "memorysetup-main-allocator-block-size=16777216"
    "memorysetup-thread-allocator-block-size=16777216"
    "memorysetup-gfx-main-allocator-block-size=16777216"
    "memorysetup-gfx-thread-allocator-block-size=16777216"
    "memorysetup-cache-allocator-block-size=4194304"
    "memorysetup-typetree-allocator-block-size=2097152"
    "memorysetup-profiler-bucket-allocator-granularity=16"
    "memorysetup-profiler-bucket-allocator-bucket-count=8"
    "memorysetup-profiler-bucket-allocator-block-size=33554432"
    "memorysetup-profiler-bucket-allocator-block-count=8"
    "memorysetup-profiler-allocator-block-size=16777216"
    "memorysetup-profiler-editor-allocator-block-size=1048576"
    "memorysetup-temp-allocator-size-main=16777216"
    "memorysetup-job-temp-allocator-block-size=2097152"
    "memorysetup-job-temp-allocator-block-size-background=1048576"
    "memorysetup-job-temp-allocator-reduction-small-platforms=262144"
    "memorysetup-temp-allocator-size-background-worker=32768"
    "memorysetup-temp-allocator-size-job-worker=262144"
    "memorysetup-temp-allocator-size-preload-manager=33554432"
    "memorysetup-temp-allocator-size-nav-mesh-worker=65536"
    "memorysetup-temp-allocator-size-audio-worker=65536"
    "memorysetup-temp-allocator-size-cloud-worker=32768"
    "memorysetup-temp-allocator-size-gi-baking-worker=262144"
    "memorysetup-temp-allocator-size-gfx=262144"
Refreshing native plugins compatible for Editor in 42.24 ms, found 2 plugins.
Preloading 0 native plugins for Editor in 0.00 ms.
Initialize engine version: 2021.3.13f1 (9e7d58001ecf)
[Subsystems] Discovering subsystems at path C:/Program Files/Unity/Hub/Editor/2021.3.13f1/Editor/Data/Resources/UnitySubsystems
[Subsystems] Discovering subsystems at path C:/Users/mayst/Documents/GitHub/AI-Tanks/Assets
GfxDevice: creating device client; threaded=0; jobified=0
Direct3D:
    Version:  Direct3D 11.0 [level 11.1]
    Renderer: NVIDIA GeForce RTX 3080 Laptop GPU (ID=0x249c)
    Vendor:   NVIDIA
    VRAM:     8031 MB
    Driver:   31.0.15.2686
Initialize mono
Mono path[0] = 'C:/Program Files/Unity/Hub/Editor/2021.3.13f1/Editor/Data/Managed'
Mono path[1] = 'C:/Program Files/Unity/Hub/Editor/2021.3.13f1/Editor/Data/MonoBleedingEdge/lib/mono/unityjit-win32'
Mono config path = 'C:/Program Files/Unity/Hub/Editor/2021.3.13f1/Editor/Data/MonoBleedingEdge/etc'
Using monoOptions --debugger-agent=transport=dt_socket,embedding=1,server=y,suspend=n,address=127.0.0.1:56724
Begin MonoManager ReloadAssembly
Registering precompiled unity dll's ...
Register platform support module: C:/Program Files/Unity/Hub/Editor/2021.3.13f1/Editor/Data/PlaybackEngines/WebGLSupport/UnityEditor.WebGL.Extensions.dll
Register platform support module: C:/Program Files/Unity/Hub/Editor/2021.3.13f1/Editor/Data/PlaybackEngines/WindowsStandaloneSupport/UnityEditor.WindowsStandalone.Extensions.dll
Registered in 0.003976 seconds.
Native extension for WindowsStandalone target not found
Native extension for WebGL target not found
Refreshing native plugins compatible for Editor in 38.90 ms, found 2 plugins.
Preloading 0 native plugins for Editor in 0.00 ms.
Mono: successfully reloaded assembly
- Completed reload, in  0.511 seconds
Domain Reload Profiling:
	ReloadAssembly (511ms)
		BeginReloadAssembly (61ms)
			ExecutionOrderSort (0ms)
			DisableScriptedObjects (0ms)
			BackupInstance (0ms)
			ReleaseScriptingObjects (0ms)
			CreateAndSetChildDomain (1ms)
		EndReloadAssembly (357ms)
			LoadAssemblies (60ms)
			RebuildTransferFunctionScriptingTraits (0ms)
			SetupTypeCache (93ms)
			ReleaseScriptCaches (0ms)
			RebuildScriptCaches (22ms)
			SetupLoadedEditorAssemblies (200ms)
				LogAssemblyErrors (0ms)
				InitializePlatformSupportModulesInManaged (7ms)
				SetLoadedEditorAssemblies (0ms)
				RefreshPlugins (39ms)
				BeforeProcessingInitializeOnLoad (1ms)
				ProcessInitializeOnLoadAttributes (116ms)
				ProcessInitializeOnLoadMethodAttributes (36ms)
				AfterProcessingInitializeOnLoad (0ms)
				EditorAssembliesLoaded (0ms)
			ExecutionOrderSort2 (0ms)
			AwakeInstancesAfterBackupRestoration (0ms)
Platform modules already initialized, skipping
Registering precompiled user dll's ...
Registered in 0.002429 seconds.
Begin MonoManager ReloadAssembly
Native extension for WindowsStandalone target not found
Native extension for WebGL target not found
Refreshing native plugins compatible for Editor in 40.84 ms, found 2 plugins.
Preloading 0 native plugins for Editor in 0.00 ms.
Mono: successfully reloaded assembly
- Completed reload, in  0.942 seconds
Domain Reload Profiling:
	ReloadAssembly (943ms)
		BeginReloadAssembly (91ms)
			ExecutionOrderSort (0ms)
			DisableScriptedObjects (5ms)
			BackupInstance (0ms)
			ReleaseScriptingObjects (0ms)
			CreateAndSetChildDomain (18ms)
		EndReloadAssembly (744ms)
			LoadAssemblies (63ms)
			RebuildTransferFunctionScriptingTraits (0ms)
			SetupTypeCache (198ms)
			ReleaseScriptCaches (1ms)
			RebuildScriptCaches (61ms)
			SetupLoadedEditorAssemblies (385ms)
				LogAssemblyErrors (0ms)
				InitializePlatformSupportModulesInManaged (4ms)
				SetLoadedEditorAssemblies (0ms)
				RefreshPlugins (41ms)
				BeforeProcessingInitializeOnLoad (65ms)
				ProcessInitializeOnLoadAttributes (201ms)
				ProcessInitializeOnLoadMethodAttributes (68ms)
				AfterProcessingInitializeOnLoad (5ms)
				EditorAssembliesLoaded (0ms)
			ExecutionOrderSort2 (0ms)
			AwakeInstancesAfterBackupRestoration (5ms)
Platform modules already initialized, skipping
========================================================================
Worker process is ready to serve import requests
Launched and connected shader compiler UnityShaderCompiler.exe after 0.08 seconds
Refreshing native plugins compatible for Editor in 0.61 ms, found 2 plugins.
Preloading 0 native plugins for Editor in 0.00 ms.
Unloading 3210 Unused Serialized files (Serialized files now loaded: 0)
Unloading 22 unused Assets / (1.1 MB). Loaded Objects now: 3699.
Memory consumption went from 143.6 MB to 142.5 MB.
Total: 3.456100 ms (FindLiveObjects: 0.280500 ms CreateObjectMapping: 0.099200 ms MarkObjects: 2.826200 ms  DeleteObjects: 0.249100 ms)

AssetImportParameters requested are different than current active one (requested -> active):
  custom:video-decoder-ogg-theora: a1e56fd34408186e4bbccfd4996cb3dc -> 
  custom:container-muxer-webm: aa71ff27fc2769a1b78a27578f13a17b -> 
  custom:container-demuxer-webm: 4f35f7cbe854078d1ac9338744f61a02 -> 
  custom:video-encoder-webm-vp8: eb34c28f22e8b96e1ab97ce403110664 -> 
  custom:video-codec-MediaFoundation-h265: e54d7ab0439102e2317fc1e4b246158d -> 
  custom:audio-encoder-webm-vorbis: bf7c407c2cedff20999df2af8eb42d56 -> 
  custom:framework-win-MediaFoundation: 216162199b28c13a410421893ffa2e32 -> 
  custom:container-demuxer-ogg: 62fdf1f143b41e24485cea50d1cbac27 -> 
  custom:video-decoder-webm-vp8: 9c59270c3fd7afecdb556c50c9e8de78 -> 
  custom:audio-decoder-ogg-vorbis: bf7c407c2cedff20999df2af8eb42d56 -> 
========================================================================
Received Import Request.
  Time since last request: 190414.998093 seconds.
  path: Assets/Extras/Artillery Tank/Materials/Main 1.mat
  artifactKey: Guid(f402b486b819e634ebba5c4cc4f687a2) Importer(815301076,1909f56bfc062723c751e8b465ee728b)
Start importing Assets/Extras/Artillery Tank/Materials/Main 1.mat using Guid(f402b486b819e634ebba5c4cc4f687a2) Importer(815301076,1909f56bfc062723c751e8b465ee728b)  -> (artifact id: 'ad9e9fe8df4f0653854cad7d65fa4f71') in 0.188746 seconds 
========================================================================
Received Import Request.
  Time since last request: 152.810594 seconds.
  path: Assets/Assets MOOD WARE/_MW Skybox/MAPS/17.bottom.tif
  artifactKey: Guid(0d72e8c8960058b40870de0cb1b96f0d) Importer(815301076,1909f56bfc062723c751e8b465ee728b)
Start importing Assets/Assets MOOD WARE/_MW Skybox/MAPS/17.bottom.tif using Guid(0d72e8c8960058b40870de0cb1b96f0d) Importer(815301076,1909f56bfc062723c751e8b465ee728b)  -> (artifact id: '4350e2a9f2c75784be2cb2de58a6de5f') in 0.027854 seconds 
========================================================================
Received Import Request.
  Time since last request: 0.000042 seconds.
  path: Assets/Assets MOOD WARE/_MW Skybox/MAPS/17_FM.bottom.tif
  artifactKey: Guid(c6c5a05795c843f4b9c1febf8f153f37) Importer(815301076,1909f56bfc062723c751e8b465ee728b)
Start importing Assets/Assets MOOD WARE/_MW Skybox/MAPS/17_FM.bottom.tif using Guid(c6c5a05795c843f4b9c1febf8f153f37) Importer(815301076,1909f56bfc062723c751e8b465ee728b)  -> (artifact id: '811890004c4c27915f73f5a1fb2e993f') in 0.010667 seconds 
========================================================================
Received Import Request.
  Time since last request: 0.000028 seconds.
  path: Assets/Assets MOOD WARE/_MW Skybox/MAPS/17.tif
  artifactKey: Guid(8ae3804cec9dcd0488c6ddec21b4d5b0) Importer(815301076,1909f56bfc062723c751e8b465ee728b)
Start importing Assets/Assets MOOD WARE/_MW Skybox/MAPS/17.tif using Guid(8ae3804cec9dcd0488c6ddec21b4d5b0) Importer(815301076,1909f56bfc062723c751e8b465ee728b)  -> (artifact id: 'ef02ce524fc31a29350f843a149cd60a') in 0.013567 seconds 
========================================================================
Received Import Request.
  Time since last request: 0.000029 seconds.
  path: Assets/Assets MOOD WARE/_MW Skybox/MAPS/20_pan.tif
  artifactKey: Guid(75a23b926f0a0bc4d85de2f941d483ea) Importer(815301076,1909f56bfc062723c751e8b465ee728b)
Start importing Assets/Assets MOOD WARE/_MW Skybox/MAPS/20_pan.tif using Guid(75a23b926f0a0bc4d85de2f941d483ea) Importer(815301076,1909f56bfc062723c751e8b465ee728b)  -> (artifact id: '773af2ccb6fc69013f8ae526c87abe89') in 0.011781 seconds 
========================================================================
Received Import Request.
  Time since last request: 0.000030 seconds.
  path: Assets/Assets MOOD WARE/_MW Skybox/MAPS/20.front.tif
  artifactKey: Guid(12f9eb8e1e992ab489da3ffae10e63c4) Importer(815301076,1909f56bfc062723c751e8b465ee728b)
Start importing Assets/Assets MOOD WARE/_MW Skybox/MAPS/20.front.tif using Guid(12f9eb8e1e992ab489da3ffae10e63c4) Importer(815301076,1909f56bfc062723c751e8b465ee728b)  -> (artifact id: 'd04a78bfa4cb59ae0651d6c148593407') in 0.011909 seconds 
========================================================================
Received Import Request.
  Time since last request: 0.000046 seconds.
  path: Assets/Assets MOOD WARE/_MW Skybox/MAPS/21_Pnorama.tif
  artifactKey: Guid(fb7742ca29fca7448bad72e2edea8fde) Importer(815301076,1909f56bfc062723c751e8b465ee728b)
Start importing Assets/Assets MOOD WARE/_MW Skybox/MAPS/21_Pnorama.tif using Guid(fb7742ca29fca7448bad72e2edea8fde) Importer(815301076,1909f56bfc062723c751e8b465ee728b)  -> (artifact id: 'd74dd8952350e991605a77d41b095d33') in 0.032409 seconds 
========================================================================
Received Import Request.
  Time since last request: 0.000041 seconds.
  path: Assets/Assets MOOD WARE/_MW Skybox/MAPS/22 Panorama.tif
  artifactKey: Guid(69bf6e634e82d4f4f8754df63c2c92e4) Importer(815301076,1909f56bfc062723c751e8b465ee728b)
Start importing Assets/Assets MOOD WARE/_MW Skybox/MAPS/22 Panorama.tif using Guid(69bf6e634e82d4f4f8754df63c2c92e4) Importer(815301076,1909f56bfc062723c751e8b465ee728b)  -> (artifact id: 'a9dedf9876d34657e34ae8afb29b2691') in 0.034808 seconds 
========================================================================
Received Import Request.
  Time since last request: 0.000024 seconds.
  path: Assets/Assets MOOD WARE/_MW Skybox/MAPS/17_FM.top.tif
  artifactKey: Guid(eab096bccd7e18a48b8d426dc25b04cc) Importer(815301076,1909f56bfc062723c751e8b465ee728b)
Start importing Assets/Assets MOOD WARE/_MW Skybox/MAPS/17_FM.top.tif using Guid(eab096bccd7e18a48b8d426dc25b04cc) Importer(815301076,1909f56bfc062723c751e8b465ee728b)  -> (artifact id: '8e49ec506c264838b7a67767ac5b838e') in 0.012493 seconds 
========================================================================
Received Import Request.
  Time since last request: 0.000030 seconds.
  path: Assets/Assets MOOD WARE/_MW Skybox/MAPS/20.bottom.tif
  artifactKey: Guid(ca65d3662ac621c4aa77e8096a96dbd6) Importer(815301076,1909f56bfc062723c751e8b465ee728b)
Start importing Assets/Assets MOOD WARE/_MW Skybox/MAPS/20.bottom.tif using Guid(ca65d3662ac621c4aa77e8096a96dbd6) Importer(815301076,1909f56bfc062723c751e8b465ee728b)  -> (artifact id: '98a7b236f8fa0a5e73162f98b2eaa8dc') in 0.009027 seconds 
========================================================================
Received Import Request.
  Time since last request: 0.000029 seconds.
  path: Assets/Assets MOOD WARE/_MW Skybox/MAPS/20.top.tif
  artifactKey: Guid(a34b07cacf6a21949a37cabeb6e5bcf2) Importer(815301076,1909f56bfc062723c751e8b465ee728b)
Start importing Assets/Assets MOOD WARE/_MW Skybox/MAPS/20.top.tif using Guid(a34b07cacf6a21949a37cabeb6e5bcf2) Importer(815301076,1909f56bfc062723c751e8b465ee728b)  -> (artifact id: 'e5c5d07e90e022374fa57c2c4d0dc7d6') in 0.018018 seconds 
========================================================================
Received Import Request.
  Time since last request: 0.000025 seconds.
  path: Assets/Assets MOOD WARE/_MW Skybox/MAPS/17_FM.left.tif
  artifactKey: Guid(c0399645ec0621846a75956e42534211) Importer(815301076,1909f56bfc062723c751e8b465ee728b)
Start importing Assets/Assets MOOD WARE/_MW Skybox/MAPS/17_FM.left.tif using Guid(c0399645ec0621846a75956e42534211) Importer(815301076,1909f56bfc062723c751e8b465ee728b)  -> (artifact id: '275a690b1439169e8d87c7e0275f36d6') in 0.011865 seconds 
========================================================================
Received Import Request.
  Time since last request: 0.000024 seconds.
  path: Assets/Assets MOOD WARE/_MW Skybox/MAPS/17.right.tif
  artifactKey: Guid(d2786f849387fde428d3d3a67d1440d6) Importer(815301076,1909f56bfc062723c751e8b465ee728b)
Start importing Assets/Assets MOOD WARE/_MW Skybox/MAPS/17.right.tif using Guid(d2786f849387fde428d3d3a67d1440d6) Importer(815301076,1909f56bfc062723c751e8b465ee728b)  -> (artifact id: '34f0b490568ebf525a350713d4a4d91c') in 0.029355 seconds 
========================================================================
Received Import Request.
  Time since last request: 0.000023 seconds.
  path: Assets/Assets MOOD WARE/_MW Skybox/MAPS/17_FM.front.tif
  artifactKey: Guid(5e5f48d38ff8c9640b6650c885c1c8fc) Importer(815301076,1909f56bfc062723c751e8b465ee728b)
Start importing Assets/Assets MOOD WARE/_MW Skybox/MAPS/17_FM.front.tif using Guid(5e5f48d38ff8c9640b6650c885c1c8fc) Importer(815301076,1909f56bfc062723c751e8b465ee728b)  -> (artifact id: 'd3e91abc3d4c738f77d622d95179ef2a') in 0.012323 seconds 
========================================================================
Received Import Request.
  Time since last request: 0.000028 seconds.
  path: Assets/Assets MOOD WARE/_MW Skybox/MAPS/17_FM.back.tif
  artifactKey: Guid(5912294b6ac10854283a78433b210821) Importer(815301076,1909f56bfc062723c751e8b465ee728b)
Start importing Assets/Assets MOOD WARE/_MW Skybox/MAPS/17_FM.back.tif using Guid(5912294b6ac10854283a78433b210821) Importer(815301076,1909f56bfc062723c751e8b465ee728b)  -> (artifact id: 'b2436b3fba12d927a47007cb6b9b73a3') in 0.013428 seconds 
========================================================================
Received Import Request.
  Time since last request: 0.000022 seconds.
  path: Assets/Assets MOOD WARE/_MW Skybox/MAPS/23 Panorama.tif
  artifactKey: Guid(b746567c79f48b54b84f1d4e5f128acf) Importer(815301076,1909f56bfc062723c751e8b465ee728b)
Start importing Assets/Assets MOOD WARE/_MW Skybox/MAPS/23 Panorama.tif using Guid(b746567c79f48b54b84f1d4e5f128acf) Importer(815301076,1909f56bfc062723c751e8b465ee728b)  -> (artifact id: 'c4e940b35bd7482ad3c3486af3f287e2') in 0.025951 seconds 
========================================================================
Received Import Request.
  Time since last request: 0.000032 seconds.
  path: Assets/Assets MOOD WARE/_MW Skybox/MAPS/26 Panorama.tif
  artifactKey: Guid(29989482124a757418772366555da5b6) Importer(815301076,1909f56bfc062723c751e8b465ee728b)
Start importing Assets/Assets MOOD WARE/_MW Skybox/MAPS/26 Panorama.tif using Guid(29989482124a757418772366555da5b6) Importer(815301076,1909f56bfc062723c751e8b465ee728b)  -> (artifact id: 'dd709b89554f09a919fdbec224dec406') in 0.020107 seconds 
========================================================================
Received Import Request.
  Time since last request: 51.555845 seconds.
  path: Assets/Assets MOOD WARE/_MW Skybox/MAT/Skybox 17.mat
  artifactKey: Guid(af2a35866ce610a44aebd2f1d51f41c7) Importer(815301076,1909f56bfc062723c751e8b465ee728b)
Start importing Assets/Assets MOOD WARE/_MW Skybox/MAT/Skybox 17.mat using Guid(af2a35866ce610a44aebd2f1d51f41c7) Importer(815301076,1909f56bfc062723c751e8b465ee728b)  -> (artifact id: 'f1646731f816a8abbffcba5a10b4ad15') in 0.019954 seconds 
========================================================================
Received Import Request.
  Time since last request: 0.000022 seconds.
  path: Assets/Assets MOOD WARE/_MW Skybox/MAT/Skybox 21_pan.mat
  artifactKey: Guid(8cfb6587f2b62dd499037b5ce816cb16) Importer(815301076,1909f56bfc062723c751e8b465ee728b)
Start importing Assets/Assets MOOD WARE/_MW Skybox/MAT/Skybox 21_pan.mat using Guid(8cfb6587f2b62dd499037b5ce816cb16) Importer(815301076,1909f56bfc062723c751e8b465ee728b)  -> (artifact id: '3a3609a0d24a5ca73c1377a45379eea6') in 0.041483 seconds 
========================================================================
Received Import Request.
  Time since last request: 0.000023 seconds.
  path: Assets/Assets MOOD WARE/_MW Skybox/MAT/Skybox 24_pan.mat
  artifactKey: Guid(982e0d86f860c1246b831a8bccaf59f2) Importer(815301076,1909f56bfc062723c751e8b465ee728b)
Start importing Assets/Assets MOOD WARE/_MW Skybox/MAT/Skybox 24_pan.mat using Guid(982e0d86f860c1246b831a8bccaf59f2) Importer(815301076,1909f56bfc062723c751e8b465ee728b)  -> (artifact id: '75cf7d77e5f08037c6cca2dc9e6316fe') in 0.048898 seconds 
========================================================================
Received Import Request.
  Time since last request: 0.000030 seconds.
  path: Assets/Assets MOOD WARE/_MW Skybox/MAT/Skybox 26_pan.mat
  artifactKey: Guid(b2d729674a1d7254aac25fb672203f06) Importer(815301076,1909f56bfc062723c751e8b465ee728b)
Start importing Assets/Assets MOOD WARE/_MW Skybox/MAT/Skybox 26_pan.mat using Guid(b2d729674a1d7254aac25fb672203f06) Importer(815301076,1909f56bfc062723c751e8b465ee728b)  -> (artifact id: '4b39bb6459519353b3132e801ec71c98') in 0.060934 seconds 
========================================================================
Received Import Request.
  Time since last request: 0.000022 seconds.
  path: Assets/Assets MOOD WARE/_MW Skybox/MAT/Skybox 20_pan.mat
  artifactKey: Guid(afc7df1577e547449b89b082b5abfec7) Importer(815301076,1909f56bfc062723c751e8b465ee728b)
Start importing Assets/Assets MOOD WARE/_MW Skybox/MAT/Skybox 20_pan.mat using Guid(afc7df1577e547449b89b082b5abfec7) Importer(815301076,1909f56bfc062723c751e8b465ee728b)  -> (artifact id: '0761ca391ebb6101c501c22f458420b1') in 0.025476 seconds 
========================================================================
Received Import Request.
  Time since last request: 0.000027 seconds.
  path: Assets/Assets MOOD WARE/_MW Skybox/MAT/Skybox 20.mat
  artifactKey: Guid(575e87d8ce442cf4e9e50c426ca97dbb) Importer(815301076,1909f56bfc062723c751e8b465ee728b)
Start importing Assets/Assets MOOD WARE/_MW Skybox/MAT/Skybox 20.mat using Guid(575e87d8ce442cf4e9e50c426ca97dbb) Importer(815301076,1909f56bfc062723c751e8b465ee728b)  -> (artifact id: 'bec23d4ea3d0e37487a14416777d6598') in 0.032605 seconds 
Editor requested this worker to shutdown with reason: Scaling down because of idle timeout
AssetImportWorker is now disconnected from the server
Process exiting
Exiting without the bug reporter. Application will terminate with return code 0