Using pre-set license
Built from '2021.3/staging' branch; Version is '2021.3.13f1 (9e7d58001ecf) revision 10386776'; Using compiler version '192829333'; Build Type 'Release'
OS: 'Windows 11  (10.0.22621) 64bit Core' Language: 'en' Physical Memory: 16085 MB
BatchMode: 1, IsHumanControllingUs: 0, StartBugReporterOnCrash: 0, Is64bit: 1, IsPro: 1

COMMAND LINE ARGUMENTS:
C:\Program Files\Unity\Hub\Editor\2021.3.13f1\Editor\Unity.exe
-adb2
-batchMode
-noUpm
-name
AssetImportWorker11
-projectPath
C:/Users/mayst/Documents/GitHub/AI-Tanks
-logFile
Logs/AssetImportWorker11.log
-srvPort
58942
Successfully changed project path to: C:/Users/mayst/Documents/GitHub/AI-Tanks
C:/Users/mayst/Documents/GitHub/AI-Tanks
[UnityMemory] Configuration Parameters - Can be set up in boot.config
    "memorysetup-bucket-allocator-granularity=16"
    "memorysetup-bucket-allocator-bucket-count=8"
    "memorysetup-bucket-allocator-block-size=33554432"
    "memorysetup-bucket-allocator-block-count=8"
    "memorysetup-main-allocator-block-size=16777216"
    "memorysetup-thread-allocator-block-size=16777216"
    "memorysetup-gfx-main-allocator-block-size=16777216"
    "memorysetup-gfx-thread-allocator-block-size=16777216"
    "memorysetup-cache-allocator-block-size=4194304"
    "memorysetup-typetree-allocator-block-size=2097152"
    "memorysetup-profiler-bucket-allocator-granularity=16"
    "memorysetup-profiler-bucket-allocator-bucket-count=8"
    "memorysetup-profiler-bucket-allocator-block-size=33554432"
    "memorysetup-profiler-bucket-allocator-block-count=8"
    "memorysetup-profiler-allocator-block-size=16777216"
    "memorysetup-profiler-editor-allocator-block-size=1048576"
    "memorysetup-temp-allocator-size-main=16777216"
    "memorysetup-job-temp-allocator-block-size=2097152"
    "memorysetup-job-temp-allocator-block-size-background=1048576"
    "memorysetup-job-temp-allocator-reduction-small-platforms=262144"
    "memorysetup-temp-allocator-size-background-worker=32768"
    "memorysetup-temp-allocator-size-job-worker=262144"
    "memorysetup-temp-allocator-size-preload-manager=33554432"
    "memorysetup-temp-allocator-size-nav-mesh-worker=65536"
    "memorysetup-temp-allocator-size-audio-worker=65536"
    "memorysetup-temp-allocator-size-cloud-worker=32768"
    "memorysetup-temp-allocator-size-gi-baking-worker=262144"
    "memorysetup-temp-allocator-size-gfx=262144"
Refreshing native plugins compatible for Editor in 42.02 ms, found 2 plugins.
Preloading 0 native plugins for Editor in 0.00 ms.
Initialize engine version: 2021.3.13f1 (9e7d58001ecf)
[Subsystems] Discovering subsystems at path C:/Program Files/Unity/Hub/Editor/2021.3.13f1/Editor/Data/Resources/UnitySubsystems
[Subsystems] Discovering subsystems at path C:/Users/mayst/Documents/GitHub/AI-Tanks/Assets
GfxDevice: creating device client; threaded=0; jobified=0
Direct3D:
    Version:  Direct3D 11.0 [level 11.1]
    Renderer: NVIDIA GeForce RTX 3080 Laptop GPU (ID=0x249c)
    Vendor:   NVIDIA
    VRAM:     8031 MB
    Driver:   31.0.15.2686
Initialize mono
Mono path[0] = 'C:/Program Files/Unity/Hub/Editor/2021.3.13f1/Editor/Data/Managed'
Mono path[1] = 'C:/Program Files/Unity/Hub/Editor/2021.3.13f1/Editor/Data/MonoBleedingEdge/lib/mono/unityjit-win32'
Mono config path = 'C:/Program Files/Unity/Hub/Editor/2021.3.13f1/Editor/Data/MonoBleedingEdge/etc'
Using monoOptions --debugger-agent=transport=dt_socket,embedding=1,server=y,suspend=n,address=127.0.0.1:56696
Begin MonoManager ReloadAssembly
Registering precompiled unity dll's ...
Register platform support module: C:/Program Files/Unity/Hub/Editor/2021.3.13f1/Editor/Data/PlaybackEngines/WebGLSupport/UnityEditor.WebGL.Extensions.dll
Register platform support module: C:/Program Files/Unity/Hub/Editor/2021.3.13f1/Editor/Data/PlaybackEngines/WindowsStandaloneSupport/UnityEditor.WindowsStandalone.Extensions.dll
Registered in 0.003840 seconds.
Native extension for WindowsStandalone target not found
Native extension for WebGL target not found
Refreshing native plugins compatible for Editor in 48.31 ms, found 2 plugins.
Preloading 0 native plugins for Editor in 0.00 ms.
Mono: successfully reloaded assembly
- Completed reload, in  0.546 seconds
Domain Reload Profiling:
	ReloadAssembly (547ms)
		BeginReloadAssembly (58ms)
			ExecutionOrderSort (0ms)
			DisableScriptedObjects (0ms)
			BackupInstance (0ms)
			ReleaseScriptingObjects (0ms)
			CreateAndSetChildDomain (1ms)
		EndReloadAssembly (389ms)
			LoadAssemblies (56ms)
			RebuildTransferFunctionScriptingTraits (0ms)
			SetupTypeCache (99ms)
			ReleaseScriptCaches (0ms)
			RebuildScriptCaches (24ms)
			SetupLoadedEditorAssemblies (222ms)
				LogAssemblyErrors (0ms)
				InitializePlatformSupportModulesInManaged (11ms)
				SetLoadedEditorAssemblies (0ms)
				RefreshPlugins (48ms)
				BeforeProcessingInitializeOnLoad (1ms)
				ProcessInitializeOnLoadAttributes (121ms)
				ProcessInitializeOnLoadMethodAttributes (40ms)
				AfterProcessingInitializeOnLoad (0ms)
				EditorAssembliesLoaded (0ms)
			ExecutionOrderSort2 (0ms)
			AwakeInstancesAfterBackupRestoration (0ms)
Platform modules already initialized, skipping
Registering precompiled user dll's ...
Registered in 0.002397 seconds.
Begin MonoManager ReloadAssembly
Native extension for WindowsStandalone target not found
Native extension for WebGL target not found
Refreshing native plugins compatible for Editor in 48.69 ms, found 2 plugins.
Preloading 0 native plugins for Editor in 0.00 ms.
Mono: successfully reloaded assembly
- Completed reload, in  0.950 seconds
Domain Reload Profiling:
	ReloadAssembly (951ms)
		BeginReloadAssembly (88ms)
			ExecutionOrderSort (0ms)
			DisableScriptedObjects (5ms)
			BackupInstance (0ms)
			ReleaseScriptingObjects (0ms)
			CreateAndSetChildDomain (17ms)
		EndReloadAssembly (763ms)
			LoadAssemblies (60ms)
			RebuildTransferFunctionScriptingTraits (0ms)
			SetupTypeCache (193ms)
			ReleaseScriptCaches (1ms)
			RebuildScriptCaches (62ms)
			SetupLoadedEditorAssemblies (403ms)
				LogAssemblyErrors (0ms)
				InitializePlatformSupportModulesInManaged (5ms)
				SetLoadedEditorAssemblies (0ms)
				RefreshPlugins (49ms)
				BeforeProcessingInitializeOnLoad (79ms)
				ProcessInitializeOnLoadAttributes (196ms)
				ProcessInitializeOnLoadMethodAttributes (69ms)
				AfterProcessingInitializeOnLoad (5ms)
				EditorAssembliesLoaded (0ms)
			ExecutionOrderSort2 (0ms)
			AwakeInstancesAfterBackupRestoration (5ms)
Platform modules already initialized, skipping
========================================================================
Worker process is ready to serve import requests
Launched and connected shader compiler UnityShaderCompiler.exe after 0.07 seconds
Refreshing native plugins compatible for Editor in 0.54 ms, found 2 plugins.
Preloading 0 native plugins for Editor in 0.00 ms.
Unloading 3210 Unused Serialized files (Serialized files now loaded: 0)
Unloading 22 unused Assets / (1.1 MB). Loaded Objects now: 3699.
Memory consumption went from 143.6 MB to 142.5 MB.
Total: 2.855700 ms (FindLiveObjects: 0.231200 ms CreateObjectMapping: 0.076100 ms MarkObjects: 2.336600 ms  DeleteObjects: 0.210900 ms)

AssetImportParameters requested are different than current active one (requested -> active):
  custom:video-decoder-ogg-theora: a1e56fd34408186e4bbccfd4996cb3dc -> 
  custom:container-muxer-webm: aa71ff27fc2769a1b78a27578f13a17b -> 
  custom:container-demuxer-webm: 4f35f7cbe854078d1ac9338744f61a02 -> 
  custom:video-encoder-webm-vp8: eb34c28f22e8b96e1ab97ce403110664 -> 
  custom:video-codec-MediaFoundation-h265: e54d7ab0439102e2317fc1e4b246158d -> 
  custom:audio-encoder-webm-vorbis: bf7c407c2cedff20999df2af8eb42d56 -> 
  custom:framework-win-MediaFoundation: 216162199b28c13a410421893ffa2e32 -> 
  custom:container-demuxer-ogg: 62fdf1f143b41e24485cea50d1cbac27 -> 
  custom:video-decoder-webm-vp8: 9c59270c3fd7afecdb556c50c9e8de78 -> 
  custom:audio-decoder-ogg-vorbis: bf7c407c2cedff20999df2af8eb42d56 -> 
========================================================================
Received Import Request.
  Time since last request: 190420.616716 seconds.
  path: Assets/Extras/Artillery Tank
  artifactKey: Guid(0b30a0dc902be8744a09574baa7e7b9a) Importer(815301076,1909f56bfc062723c751e8b465ee728b)
Start importing Assets/Extras/Artillery Tank using Guid(0b30a0dc902be8744a09574baa7e7b9a) Importer(815301076,1909f56bfc062723c751e8b465ee728b)  -> (artifact id: '8bc58a7e4d214901cd0114ff03f09ea5') in 0.010954 seconds 
========================================================================
Received Import Request.
  Time since last request: 1.801002 seconds.
  path: Assets/Extras/CamoShadersPack
  artifactKey: Guid(af64464e5efd344438279f7a40b0a8d3) Importer(815301076,1909f56bfc062723c751e8b465ee728b)
Start importing Assets/Extras/CamoShadersPack using Guid(af64464e5efd344438279f7a40b0a8d3) Importer(815301076,1909f56bfc062723c751e8b465ee728b)  -> (artifact id: '2ed72a2dfb735f3bbeada4d35bd11825') in 0.005102 seconds 
========================================================================
Received Import Request.
  Time since last request: 139.188924 seconds.
  path: Assets/Assets MOOD WARE/_MW Skybox
  artifactKey: Guid(4b4c827a04c5dd24c91fdf88e02e7dec) Importer(815301076,1909f56bfc062723c751e8b465ee728b)
Start importing Assets/Assets MOOD WARE/_MW Skybox using Guid(4b4c827a04c5dd24c91fdf88e02e7dec) Importer(815301076,1909f56bfc062723c751e8b465ee728b)  -> (artifact id: 'a6c27defd312abc2919b4fdcb398c9af') in 0.004404 seconds 
========================================================================
Received Import Request.
  Time since last request: 5.718390 seconds.
  path: Assets/Assets MOOD WARE/_MW Skybox/Scenes
  artifactKey: Guid(3ac0f68a3d4c5044797053959d2422f1) Importer(815301076,1909f56bfc062723c751e8b465ee728b)
Start importing Assets/Assets MOOD WARE/_MW Skybox/Scenes using Guid(3ac0f68a3d4c5044797053959d2422f1) Importer(815301076,1909f56bfc062723c751e8b465ee728b)  -> (artifact id: 'ddb5b3710e385869026c5bd5879ca374') in 0.004747 seconds 
========================================================================
Received Import Request.
  Time since last request: 0.545682 seconds.
  path: Assets/Assets MOOD WARE/_MW Skybox/MAPS
  artifactKey: Guid(079a40fc0baed40449ca626c5884453e) Importer(815301076,1909f56bfc062723c751e8b465ee728b)
Start importing Assets/Assets MOOD WARE/_MW Skybox/MAPS using Guid(079a40fc0baed40449ca626c5884453e) Importer(815301076,1909f56bfc062723c751e8b465ee728b)  -> (artifact id: '9aac818b9ba2715eb424e1791cd27d5c') in 0.005348 seconds 
========================================================================
Received Import Request.
  Time since last request: 0.080278 seconds.
  path: Assets/Assets MOOD WARE/_MW Skybox/MAPS/17.back.tif
  artifactKey: Guid(a6ae0f32542b21e48bedf847f74bdd48) Importer(815301076,1909f56bfc062723c751e8b465ee728b)
Start importing Assets/Assets MOOD WARE/_MW Skybox/MAPS/17.back.tif using Guid(a6ae0f32542b21e48bedf847f74bdd48) Importer(815301076,1909f56bfc062723c751e8b465ee728b)  -> (artifact id: '7e859d1b36dccdb13578aac7b1313f0d') in 0.087329 seconds 
========================================================================
Received Import Request.
  Time since last request: 0.000036 seconds.
  path: Assets/Assets MOOD WARE/_MW Skybox/MAPS/17_FM.right.tif
  artifactKey: Guid(0d0f3ff0373271d4eb0b8b0c091483b2) Importer(815301076,1909f56bfc062723c751e8b465ee728b)
Start importing Assets/Assets MOOD WARE/_MW Skybox/MAPS/17_FM.right.tif using Guid(0d0f3ff0373271d4eb0b8b0c091483b2) Importer(815301076,1909f56bfc062723c751e8b465ee728b)  -> (artifact id: 'af8e7694c4119e8e34fec14a91246075') in 0.016205 seconds 
========================================================================
Received Import Request.
  Time since last request: 0.000024 seconds.
  path: Assets/Assets MOOD WARE/_MW Skybox/MAPS/25 Panorama.tif
  artifactKey: Guid(8ec3f759e8bfbe54cbb7f19f9be2d4be) Importer(815301076,1909f56bfc062723c751e8b465ee728b)
Start importing Assets/Assets MOOD WARE/_MW Skybox/MAPS/25 Panorama.tif using Guid(8ec3f759e8bfbe54cbb7f19f9be2d4be) Importer(815301076,1909f56bfc062723c751e8b465ee728b)  -> (artifact id: '7003d135b3ad0b2eb2cac9f51c03e4db') in 0.091514 seconds 
========================================================================
Received Import Request.
  Time since last request: 0.000028 seconds.
  path: Assets/Assets MOOD WARE/_MW Skybox/MAPS/24 Panorama.tif
  artifactKey: Guid(8f1c1d19e0992834cbaaa970e4796a0e) Importer(815301076,1909f56bfc062723c751e8b465ee728b)
Start importing Assets/Assets MOOD WARE/_MW Skybox/MAPS/24 Panorama.tif using Guid(8f1c1d19e0992834cbaaa970e4796a0e) Importer(815301076,1909f56bfc062723c751e8b465ee728b)  -> (artifact id: 'f9f5e998d04a47ef85d791edc2b5e42b') in 0.023926 seconds 
========================================================================
Received Import Request.
  Time since last request: 0.000045 seconds.
  path: Assets/Assets MOOD WARE/_MW Skybox/MAPS/20.left.tif
  artifactKey: Guid(302a8ae699fffdb4da6214f1ed0964d3) Importer(815301076,1909f56bfc062723c751e8b465ee728b)
Start importing Assets/Assets MOOD WARE/_MW Skybox/MAPS/20.left.tif using Guid(302a8ae699fffdb4da6214f1ed0964d3) Importer(815301076,1909f56bfc062723c751e8b465ee728b)  -> (artifact id: '767df0cc4ae2075314a676892923a3b1') in 0.009595 seconds 
========================================================================
Received Import Request.
  Time since last request: 0.000039 seconds.
  path: Assets/Assets MOOD WARE/_MW Skybox/MAPS/20.back.tif
  artifactKey: Guid(65dd5724779c52b4d95a0479a4e60f81) Importer(815301076,1909f56bfc062723c751e8b465ee728b)
Start importing Assets/Assets MOOD WARE/_MW Skybox/MAPS/20.back.tif using Guid(65dd5724779c52b4d95a0479a4e60f81) Importer(815301076,1909f56bfc062723c751e8b465ee728b)  -> (artifact id: 'da2c45b606f7e14c9232002a3f541f5e') in 0.011313 seconds 
========================================================================
Received Import Request.
  Time since last request: 0.000020 seconds.
  path: Assets/Assets MOOD WARE/_MW Skybox/MAPS/M02_pan.tif
  artifactKey: Guid(b6c698491d87fd24584470e241748cdb) Importer(815301076,1909f56bfc062723c751e8b465ee728b)
Start importing Assets/Assets MOOD WARE/_MW Skybox/MAPS/M02_pan.tif using Guid(b6c698491d87fd24584470e241748cdb) Importer(815301076,1909f56bfc062723c751e8b465ee728b)  -> (artifact id: '5b5660d2f03b407f4a10e63f22300ec1') in 0.015835 seconds 
========================================================================
Received Import Request.
  Time since last request: 0.000031 seconds.
  path: Assets/Assets MOOD WARE/_MW Skybox/MAPS/20.right.tif
  artifactKey: Guid(ae4f4335fe7f98243847047ff5aae516) Importer(815301076,1909f56bfc062723c751e8b465ee728b)
Start importing Assets/Assets MOOD WARE/_MW Skybox/MAPS/20.right.tif using Guid(ae4f4335fe7f98243847047ff5aae516) Importer(815301076,1909f56bfc062723c751e8b465ee728b)  -> (artifact id: 'e6f7297f8f0cfad55cb0eed826a9f5c8') in 0.011424 seconds 
========================================================================
Received Import Request.
  Time since last request: 0.000034 seconds.
  path: Assets/Assets MOOD WARE/_MW Skybox/MAPS/17.front.tif
  artifactKey: Guid(0a1c5ddfa4d49394cb4b11a3baede5e4) Importer(815301076,1909f56bfc062723c751e8b465ee728b)
Start importing Assets/Assets MOOD WARE/_MW Skybox/MAPS/17.front.tif using Guid(0a1c5ddfa4d49394cb4b11a3baede5e4) Importer(815301076,1909f56bfc062723c751e8b465ee728b)  -> (artifact id: '01dd04477be22a1d8b0e6fcaf1da4a7a') in 0.010249 seconds 
========================================================================
Received Import Request.
  Time since last request: 0.000029 seconds.
  path: Assets/Assets MOOD WARE/_MW Skybox/MAPS/17.top.tif
  artifactKey: Guid(778ad5671cd92ab4f91cd437cb7369cc) Importer(815301076,1909f56bfc062723c751e8b465ee728b)
Start importing Assets/Assets MOOD WARE/_MW Skybox/MAPS/17.top.tif using Guid(778ad5671cd92ab4f91cd437cb7369cc) Importer(815301076,1909f56bfc062723c751e8b465ee728b)  -> (artifact id: '09f810c0fb55655e95894134fe94ed38') in 0.014842 seconds 
========================================================================
Received Import Request.
  Time since last request: 0.000048 seconds.
  path: Assets/Assets MOOD WARE/_MW Skybox/MAPS/17.left.tif
  artifactKey: Guid(869b885ccff2aab4a9655c913b4c10b1) Importer(815301076,1909f56bfc062723c751e8b465ee728b)
Start importing Assets/Assets MOOD WARE/_MW Skybox/MAPS/17.left.tif using Guid(869b885ccff2aab4a9655c913b4c10b1) Importer(815301076,1909f56bfc062723c751e8b465ee728b)  -> (artifact id: '625f585e43fa141952d0c399b147c4bb') in 0.010314 seconds 
========================================================================
Received Import Request.
  Time since last request: 51.571118 seconds.
  path: Assets/Assets MOOD WARE/_MW Skybox/MAT/M02_pan.mat
  artifactKey: Guid(7e94338dca7ded64cac2bbdb6b63be08) Importer(815301076,1909f56bfc062723c751e8b465ee728b)
Start importing Assets/Assets MOOD WARE/_MW Skybox/MAT/M02_pan.mat using Guid(7e94338dca7ded64cac2bbdb6b63be08) Importer(815301076,1909f56bfc062723c751e8b465ee728b)  -> (artifact id: '281e5c67f528a90ef1df03177c497536') in 0.122391 seconds 
========================================================================
Received Import Request.
  Time since last request: 0.000051 seconds.
  path: Assets/Assets MOOD WARE/_MW Skybox/MAT/Skybox 22_pan.mat
  artifactKey: Guid(053e06695b93abc49868dc4096d72d82) Importer(815301076,1909f56bfc062723c751e8b465ee728b)
Start importing Assets/Assets MOOD WARE/_MW Skybox/MAT/Skybox 22_pan.mat using Guid(053e06695b93abc49868dc4096d72d82) Importer(815301076,1909f56bfc062723c751e8b465ee728b)  -> (artifact id: '1ddbcfa239a87dad2d42b3aa360cbcc8') in 0.036374 seconds 
========================================================================
Received Import Request.
  Time since last request: 0.000032 seconds.
  path: Assets/Assets MOOD WARE/_MW Skybox/MAT/Skybox 23_pan 1.mat
  artifactKey: Guid(7d42abe82073d7d42bf23b70f5973ac0) Importer(815301076,1909f56bfc062723c751e8b465ee728b)
Start importing Assets/Assets MOOD WARE/_MW Skybox/MAT/Skybox 23_pan 1.mat using Guid(7d42abe82073d7d42bf23b70f5973ac0) Importer(815301076,1909f56bfc062723c751e8b465ee728b)  -> (artifact id: '7df875f2e302c4ed3d18043ebb9952d3') in 0.086749 seconds 
========================================================================
Received Import Request.
  Time since last request: 0.000023 seconds.
  path: Assets/Assets MOOD WARE/_MW Skybox/MAT/Skybox 25_pan.mat
  artifactKey: Guid(df61d4331f9595847aba59f8285d18b0) Importer(815301076,1909f56bfc062723c751e8b465ee728b)
Start importing Assets/Assets MOOD WARE/_MW Skybox/MAT/Skybox 25_pan.mat using Guid(df61d4331f9595847aba59f8285d18b0) Importer(815301076,1909f56bfc062723c751e8b465ee728b)  -> (artifact id: '65c60a6f68e20495b05c1d14f8891a97') in 0.097933 seconds 
========================================================================
Received Import Request.
  Time since last request: 66.001396 seconds.
  path: Assets/Assets MOOD WARE/_MW Skybox/MAT
  artifactKey: Guid(d7ce245d414f1e7408ce105ab8f3e9fa) Importer(815301076,1909f56bfc062723c751e8b465ee728b)
Start importing Assets/Assets MOOD WARE/_MW Skybox/MAT using Guid(d7ce245d414f1e7408ce105ab8f3e9fa) Importer(815301076,1909f56bfc062723c751e8b465ee728b)  -> (artifact id: '18a16402c9bfc5dc4f64bfbf4026fc03') in 0.004569 seconds 
========================================================================
Received Import Request.
  Time since last request: 23.683408 seconds.
  path: Assets/Assets MOOD WARE/_MW Skybox/Test Objects/MAT
  artifactKey: Guid(541defe3b765daf44a6ab37656c61572) Importer(815301076,1909f56bfc062723c751e8b465ee728b)
Start importing Assets/Assets MOOD WARE/_MW Skybox/Test Objects/MAT using Guid(541defe3b765daf44a6ab37656c61572) Importer(815301076,1909f56bfc062723c751e8b465ee728b)  -> (artifact id: '04444ecf005891493c8d6d637c576c3a') in 0.001675 seconds 
========================================================================
Received Import Request.
  Time since last request: 0.115068 seconds.
  path: Assets/Assets MOOD WARE/_MW Skybox/Test Objects/MAT/01.mat
  artifactKey: Guid(1cae6a78f7281be409769900ba2535c8) Importer(815301076,1909f56bfc062723c751e8b465ee728b)
Start importing Assets/Assets MOOD WARE/_MW Skybox/Test Objects/MAT/01.mat using Guid(1cae6a78f7281be409769900ba2535c8) Importer(815301076,1909f56bfc062723c751e8b465ee728b)  -> (artifact id: '36a4c32ffbe638961590d5b8205d2b16') in 0.016057 seconds 
========================================================================
Received Import Request.
  Time since last request: 0.000023 seconds.
  path: Assets/Assets MOOD WARE/_MW Skybox/Test Objects/MAT/PLANE.mat
  artifactKey: Guid(6322710367836514ea7a97c76ce6adc4) Importer(815301076,1909f56bfc062723c751e8b465ee728b)
Start importing Assets/Assets MOOD WARE/_MW Skybox/Test Objects/MAT/PLANE.mat using Guid(6322710367836514ea7a97c76ce6adc4) Importer(815301076,1909f56bfc062723c751e8b465ee728b)  -> (artifact id: '98091d4271e2cdd746634a2129a648f8') in 0.012335 seconds 
